<?xml version="1.0" encoding="UTF-8"?>
<!DOCTYPE properties SYSTEM "http://java.sun.com/dtd/properties.dtd">
<properties>
<comment>test-sql.xml</comment>
	
	<entry key="find">
	SELECT MEMBER_NO,MEMBER_ID,MEMBER_EMAIL,MEMBER_NICK,MEMBER_TEL,
	    MEMBER_ADDR, PROFILE_IMG, 
	    TO_CHAR( ENROLL_DT, 'YYYY-MM-DD HH24:MI:SS') AS ENROLL_DT
	FROM MEMBER
	WHERE MEMBER_EMAIL = ?
	AND MEMBER_NICK = ?
	AND SECESSION_FL = 'N'
	</entry>

</properties>
